[2017-03-19 13:43:44] production.ERROR: Symfony\Component\Console\Exception\RuntimeException: Not enough arguments (missing: "name"). in /Users/Ivan/PPLD3/vendor/symfony/console/Input/Input.php:84
Stack trace:
#0 /Users/Ivan/PPLD3/vendor/symfony/console/Command/Command.php(257): Symfony\Component\Console\Input\Input->validate()
#1 /Users/Ivan/PPLD3/vendor/laravel/framework/src/Illuminate/Console/Command.php(167): Symfony\Component\Console\Command\Command->run(Object(Symfony\Component\Console\Input\ArgvInput), Object(Illuminate\Console\OutputStyle))
#2 /Users/Ivan/PPLD3/vendor/symfony/console/Application.php(826): Illuminate\Console\Command->run(Object(Symfony\Component\Console\Input\ArgvInput), Object(Symfony\Component\Console\Output\ConsoleOutput))
#3 /Users/Ivan/PPLD3/vendor/symfony/console/Application.php(189): Symfony\Component\Console\Application->doRunCommand(Object(Illuminate\Foundation\Console\ModelMakeCommand), Object(Symfony\Component\Console\Input\ArgvInput), Object(Symfony\Component\Console\Output\ConsoleOutput))
#4 /Users/Ivan/PPLD3/vendor/symfony/console/Application.php(120): Symfony\Component\Console\Application->doRun(Object(Symfony\Component\Console\Input\ArgvInput), Object(Symfony\Component\Console\Output\ConsoleOutput))
#5 /Users/Ivan/PPLD3/vendor/laravel/framework/src/Illuminate/Foundation/Console/Kernel.php(123): Symfony\Component\Console\Application->run(Object(Symfony\Component\Console\Input\ArgvInput), Object(Symfony\Component\Console\Output\ConsoleOutput))
#6 /Users/Ivan/PPLD3/artisan(35): Illuminate\Foundation\Console\Kernel->handle(Object(Symfony\Component\Console\Input\ArgvInput), Object(Symfony\Component\Console\Output\ConsoleOutput))
#7 {main}  
[2017-03-19 13:51:36] production.ERROR: Symfony\Component\Console\Exception\CommandNotFoundException: Command "make:migrations" is not defined.

Did you mean one of these?
    make:migration
    make:auth
    make:command
    make:controller
    make:event
    make:job
    make:listener
    make:mail
    make:middleware
    make:model
    make:notification
    make:policy
    make:provider
    make:request
    make:seeder
    make:test in /Users/Ivan/PPLD3/vendor/symfony/console/Application.php:545
Stack trace:
#0 /Users/Ivan/PPLD3/vendor/symfony/console/Application.php(186): Symfony\Component\Console\Application->find('make:migrations')
#1 /Users/Ivan/PPLD3/vendor/symfony/console/Application.php(120): Symfony\Component\Console\Application->doRun(Object(Symfony\Component\Console\Input\ArgvInput), Object(Symfony\Component\Console\Output\ConsoleOutput))
#2 /Users/Ivan/PPLD3/vendor/laravel/framework/src/Illuminate/Foundation/Console/Kernel.php(123): Symfony\Component\Console\Application->run(Object(Symfony\Component\Console\Input\ArgvInput), Object(Symfony\Component\Console\Output\ConsoleOutput))
#3 /Users/Ivan/PPLD3/artisan(35): Illuminate\Foundation\Console\Kernel->handle(Object(Symfony\Component\Console\Input\ArgvInput), Object(Symfony\Component\Console\Output\ConsoleOutput))
#4 {main}  
[2017-03-19 13:51:44] production.ERROR: Symfony\Component\Console\Exception\RuntimeException: The "-c" option does not exist. in /Users/Ivan/PPLD3/vendor/symfony/console/Input/ArgvInput.php:126
Stack trace:
#0 /Users/Ivan/PPLD3/vendor/symfony/console/Input/ArgvInput.php(107): Symfony\Component\Console\Input\ArgvInput->parseShortOptionSet('create=tag_bati...')
#1 /Users/Ivan/PPLD3/vendor/symfony/console/Input/ArgvInput.php(86): Symfony\Component\Console\Input\ArgvInput->parseShortOption('-create=tag_bat...')
#2 /Users/Ivan/PPLD3/vendor/symfony/console/Input/Input.php(63): Symfony\Component\Console\Input\ArgvInput->parse()
#3 /Users/Ivan/PPLD3/vendor/symfony/console/Command/Command.php(220): Symfony\Component\Console\Input\Input->bind(Object(Symfony\Component\Console\Input\InputDefinition))
#4 /Users/Ivan/PPLD3/vendor/laravel/framework/src/Illuminate/Console/Command.php(167): Symfony\Component\Console\Command\Command->run(Object(Symfony\Component\Console\Input\ArgvInput), Object(Illuminate\Console\OutputStyle))
#5 /Users/Ivan/PPLD3/vendor/symfony/console/Application.php(826): Illuminate\Console\Command->run(Object(Symfony\Component\Console\Input\ArgvInput), Object(Symfony\Component\Console\Output\ConsoleOutput))
#6 /Users/Ivan/PPLD3/vendor/symfony/console/Application.php(189): Symfony\Component\Console\Application->doRunCommand(Object(Illuminate\Database\Console\Migrations\MigrateMakeCommand), Object(Symfony\Component\Console\Input\ArgvInput), Object(Symfony\Component\Console\Output\ConsoleOutput))
#7 /Users/Ivan/PPLD3/vendor/symfony/console/Application.php(120): Symfony\Component\Console\Application->doRun(Object(Symfony\Component\Console\Input\ArgvInput), Object(Symfony\Component\Console\Output\ConsoleOutput))
#8 /Users/Ivan/PPLD3/vendor/laravel/framework/src/Illuminate/Foundation/Console/Kernel.php(123): Symfony\Component\Console\Application->run(Object(Symfony\Component\Console\Input\ArgvInput), Object(Symfony\Component\Console\Output\ConsoleOutput))
#9 /Users/Ivan/PPLD3/artisan(35): Illuminate\Foundation\Console\Kernel->handle(Object(Symfony\Component\Console\Input\ArgvInput), Object(Symfony\Component\Console\Output\ConsoleOutput))
#10 {main}  
[2017-03-19 13:52:22] production.ERROR: Symfony\Component\Console\Exception\CommandNotFoundException: Command "migration" is not defined.

Did you mean one of these?
    migrate
    migrate:install
    migrate:refresh
    migrate:reset
    migrate:rollback
    migrate:status
    make:migration in /Users/Ivan/PPLD3/vendor/symfony/console/Application.php:545
Stack trace:
#0 /Users/Ivan/PPLD3/vendor/symfony/console/Command/HelpCommand.php(75): Symfony\Component\Console\Application->find('migration')
#1 /Users/Ivan/PPLD3/vendor/symfony/console/Command/Command.php(262): Symfony\Component\Console\Command\HelpCommand->execute(Object(Symfony\Component\Console\Input\ArgvInput), Object(Symfony\Component\Console\Output\ConsoleOutput))
#2 /Users/Ivan/PPLD3/vendor/symfony/console/Application.php(826): Symfony\Component\Console\Command\Command->run(Object(Symfony\Component\Console\Input\ArgvInput), Object(Symfony\Component\Console\Output\ConsoleOutput))
#3 /Users/Ivan/PPLD3/vendor/symfony/console/Application.php(189): Symfony\Component\Console\Application->doRunCommand(Object(Symfony\Component\Console\Command\HelpCommand), Object(Symfony\Component\Console\Input\ArgvInput), Object(Symfony\Component\Console\Output\ConsoleOutput))
#4 /Users/Ivan/PPLD3/vendor/symfony/console/Application.php(120): Symfony\Component\Console\Application->doRun(Object(Symfony\Component\Console\Input\ArgvInput), Object(Symfony\Component\Console\Output\ConsoleOutput))
#5 /Users/Ivan/PPLD3/vendor/laravel/framework/src/Illuminate/Foundation/Console/Kernel.php(123): Symfony\Component\Console\Application->run(Object(Symfony\Component\Console\Input\ArgvInput), Object(Symfony\Component\Console\Output\ConsoleOutput))
#6 /Users/Ivan/PPLD3/artisan(35): Illuminate\Foundation\Console\Kernel->handle(Object(Symfony\Component\Console\Input\ArgvInput), Object(Symfony\Component\Console\Output\ConsoleOutput))
#7 {main}  
[2017-03-19 13:52:38] production.ERROR: Symfony\Component\Console\Exception\RuntimeException: The "-e" option does not exist. in /Users/Ivan/PPLD3/vendor/symfony/console/Input/ArgvInput.php:126
Stack trace:
#0 /Users/Ivan/PPLD3/vendor/symfony/console/Input/ArgvInput.php(107): Symfony\Component\Console\Input\ArgvInput->parseShortOptionSet('help')
#1 /Users/Ivan/PPLD3/vendor/symfony/console/Input/ArgvInput.php(86): Symfony\Component\Console\Input\ArgvInput->parseShortOption('-help')
#2 /Users/Ivan/PPLD3/vendor/symfony/console/Input/Input.php(63): Symfony\Component\Console\Input\ArgvInput->parse()
#3 /Users/Ivan/PPLD3/vendor/symfony/console/Command/Command.php(220): Symfony\Component\Console\Input\Input->bind(Object(Symfony\Component\Console\Input\InputDefinition))
#4 /Users/Ivan/PPLD3/vendor/laravel/framework/src/Illuminate/Console/Command.php(167): Symfony\Component\Console\Command\Command->run(Object(Symfony\Component\Console\Input\ArgvInput), Object(Illuminate\Console\OutputStyle))
#5 /Users/Ivan/PPLD3/vendor/symfony/console/Application.php(826): Illuminate\Console\Command->run(Object(Symfony\Component\Console\Input\ArgvInput), Object(Symfony\Component\Console\Output\ConsoleOutput))
#6 /Users/Ivan/PPLD3/vendor/symfony/console/Application.php(189): Symfony\Component\Console\Application->doRunCommand(Object(Illuminate\Database\Console\Migrations\MigrateMakeCommand), Object(Symfony\Component\Console\Input\ArgvInput), Object(Symfony\Component\Console\Output\ConsoleOutput))
#7 /Users/Ivan/PPLD3/vendor/symfony/console/Application.php(120): Symfony\Component\Console\Application->doRun(Object(Symfony\Component\Console\Input\ArgvInput), Object(Symfony\Component\Console\Output\ConsoleOutput))
#8 /Users/Ivan/PPLD3/vendor/laravel/framework/src/Illuminate/Foundation/Console/Kernel.php(123): Symfony\Component\Console\Application->run(Object(Symfony\Component\Console\Input\ArgvInput), Object(Symfony\Component\Console\Output\ConsoleOutput))
#9 /Users/Ivan/PPLD3/artisan(35): Illuminate\Foundation\Console\Kernel->handle(Object(Symfony\Component\Console\Input\ArgvInput), Object(Symfony\Component\Console\Output\ConsoleOutput))
#10 {main}  
[2017-03-19 13:52:50] production.ERROR: Symfony\Component\Console\Exception\RuntimeException: The "-e" option does not exist. in /Users/Ivan/PPLD3/vendor/symfony/console/Input/ArgvInput.php:126
Stack trace:
#0 /Users/Ivan/PPLD3/vendor/symfony/console/Input/ArgvInput.php(107): Symfony\Component\Console\Input\ArgvInput->parseShortOptionSet('help')
#1 /Users/Ivan/PPLD3/vendor/symfony/console/Input/ArgvInput.php(86): Symfony\Component\Console\Input\ArgvInput->parseShortOption('-help')
#2 /Users/Ivan/PPLD3/vendor/symfony/console/Input/Input.php(63): Symfony\Component\Console\Input\ArgvInput->parse()
#3 /Users/Ivan/PPLD3/vendor/symfony/console/Command/Command.php(220): Symfony\Component\Console\Input\Input->bind(Object(Symfony\Component\Console\Input\InputDefinition))
#4 /Users/Ivan/PPLD3/vendor/laravel/framework/src/Illuminate/Console/Command.php(167): Symfony\Component\Console\Command\Command->run(Object(Symfony\Component\Console\Input\ArgvInput), Object(Illuminate\Console\OutputStyle))
#5 /Users/Ivan/PPLD3/vendor/symfony/console/Application.php(826): Illuminate\Console\Command->run(Object(Symfony\Component\Console\Input\ArgvInput), Object(Symfony\Component\Console\Output\ConsoleOutput))
#6 /Users/Ivan/PPLD3/vendor/symfony/console/Application.php(189): Symfony\Component\Console\Application->doRunCommand(Object(Illuminate\Database\Console\Migrations\MigrateMakeCommand), Object(Symfony\Component\Console\Input\ArgvInput), Object(Symfony\Component\Console\Output\ConsoleOutput))
#7 /Users/Ivan/PPLD3/vendor/symfony/console/Application.php(120): Symfony\Component\Console\Application->doRun(Object(Symfony\Component\Console\Input\ArgvInput), Object(Symfony\Component\Console\Output\ConsoleOutput))
#8 /Users/Ivan/PPLD3/vendor/laravel/framework/src/Illuminate/Foundation/Console/Kernel.php(123): Symfony\Component\Console\Application->run(Object(Symfony\Component\Console\Input\ArgvInput), Object(Symfony\Component\Console\Output\ConsoleOutput))
#9 /Users/Ivan/PPLD3/artisan(35): Illuminate\Foundation\Console\Kernel->handle(Object(Symfony\Component\Console\Input\ArgvInput), Object(Symfony\Component\Console\Output\ConsoleOutput))
#10 {main}  
[2017-03-22 17:54:31] production.ERROR: Symfony\Component\Debug\Exception\FatalThrowableError: Type error: Argument 1 passed to Illuminate\Routing\Router::resources() must be of the type array, string given, called in /home/rahadyan/PPL/vendor/laravel/framework/src/Illuminate/Support/Facades/Facade.php on line 221 in /home/rahadyan/PPL/vendor/laravel/framework/src/Illuminate/Routing/Router.php:230
Stack trace:
#0 /home/rahadyan/PPL/vendor/laravel/framework/src/Illuminate/Support/Facades/Facade.php(221): Illuminate\Routing\Router->resources('batik', 'BatikController')
#1 /home/rahadyan/PPL/routes/web.php(21): Illuminate\Support\Facades\Facade::__callStatic('resources', Array)
#2 /home/rahadyan/PPL/vendor/laravel/framework/src/Illuminate/Routing/Router.php(314): require('/home/rahadyan/...')
#3 /home/rahadyan/PPL/vendor/laravel/framework/src/Illuminate/Routing/Router.php(270): Illuminate\Routing\Router->loadRoutes('/home/rahadyan/...')
#4 /home/rahadyan/PPL/vendor/laravel/framework/src/Illuminate/Routing/RouteRegistrar.php(104): Illuminate\Routing\Router->group(Array, '/home/rahadyan/...')
#5 /home/rahadyan/PPL/app/Providers/RouteServiceProvider.php(56): Illuminate\Routing\RouteRegistrar->group('/home/rahadyan/...')
#6 /home/rahadyan/PPL/app/Providers/RouteServiceProvider.php(40): App\Providers\RouteServiceProvider->mapWebRoutes()
#7 [internal function]: App\Providers\RouteServiceProvider->map()
#8 /home/rahadyan/PPL/vendor/laravel/framework/src/Illuminate/Container/BoundMethod.php(29): call_user_func_array(Array, Array)
#9 /home/rahadyan/PPL/vendor/laravel/framework/src/Illuminate/Container/BoundMethod.php(87): Illuminate\Container\BoundMethod::Illuminate\Container\{closure}()
#10 /home/rahadyan/PPL/vendor/laravel/framework/src/Illuminate/Container/BoundMethod.php(31): Illuminate\Container\BoundMethod::callBoundMethod(Object(Illuminate\Foundation\Application), Array, Object(Closure))
#11 /home/rahadyan/PPL/vendor/laravel/framework/src/Illuminate/Container/Container.php(524): Illuminate\Container\BoundMethod::call(Object(Illuminate\Foundation\Application), Array, Array, NULL)
#12 /home/rahadyan/PPL/vendor/laravel/framework/src/Illuminate/Foundation/Support/Providers/RouteServiceProvider.php(70): Illuminate\Container\Container->call(Array)
#13 /home/rahadyan/PPL/vendor/laravel/framework/src/Illuminate/Foundation/Support/Providers/RouteServiceProvider.php(30): Illuminate\Foundation\Support\Providers\RouteServiceProvider->loadRoutes()
#14 /home/rahadyan/PPL/app/Providers/RouteServiceProvider.php(28): Illuminate\Foundation\Support\Providers\RouteServiceProvider->boot()
#15 [internal function]: App\Providers\RouteServiceProvider->boot()
#16 /home/rahadyan/PPL/vendor/laravel/framework/src/Illuminate/Container/BoundMethod.php(29): call_user_func_array(Array, Array)
#17 /home/rahadyan/PPL/vendor/laravel/framework/src/Illuminate/Container/BoundMethod.php(87): Illuminate\Container\BoundMethod::Illuminate\Container\{closure}()
#18 /home/rahadyan/PPL/vendor/laravel/framework/src/Illuminate/Container/BoundMethod.php(31): Illuminate\Container\BoundMethod::callBoundMethod(Object(Illuminate\Foundation\Application), Array, Object(Closure))
#19 /home/rahadyan/PPL/vendor/laravel/framework/src/Illuminate/Container/Container.php(524): Illuminate\Container\BoundMethod::call(Object(Illuminate\Foundation\Application), Array, Array, NULL)
#20 /home/rahadyan/PPL/vendor/laravel/framework/src/Illuminate/Foundation/Application.php(762): Illuminate\Container\Container->call(Array)
#21 /home/rahadyan/PPL/vendor/laravel/framework/src/Illuminate/Foundation/Application.php(745): Illuminate\Foundation\Application->bootProvider(Object(App\Providers\RouteServiceProvider))
#22 [internal function]: Illuminate\Foundation\Application->Illuminate\Foundation\{closure}(Object(App\Providers\RouteServiceProvider), 17)
#23 /home/rahadyan/PPL/vendor/laravel/framework/src/Illuminate/Foundation/Application.php(746): array_walk(Array, Object(Closure))
#24 /home/rahadyan/PPL/vendor/laravel/framework/src/Illuminate/Foundation/Bootstrap/BootProviders.php(17): Illuminate\Foundation\Application->boot()
#25 /home/rahadyan/PPL/vendor/laravel/framework/src/Illuminate/Foundation/Application.php(208): Illuminate\Foundation\Bootstrap\BootProviders->bootstrap(Object(Illuminate\Foundation\Application))
#26 /home/rahadyan/PPL/vendor/laravel/framework/src/Illuminate/Foundation/Console/Kernel.php(270): Illuminate\Foundation\Application->bootstrapWith(Array)
#27 /home/rahadyan/PPL/vendor/laravel/framework/src/Illuminate/Foundation/Console/Kernel.php(115): Illuminate\Foundation\Console\Kernel->bootstrap()
#28 /home/rahadyan/PPL/artisan(35): Illuminate\Foundation\Console\Kernel->handle(Object(Symfony\Component\Console\Input\ArgvInput), Object(Symfony\Component\Console\Output\ConsoleOutput))
#29 {main}  
[2017-03-22 18:01:34] testing.ERROR: RuntimeException: The only supported ciphers are AES-128-CBC and AES-256-CBC with the correct key lengths. in /home/rahadyan/PPL/vendor/laravel/framework/src/Illuminate/Encryption/Encrypter.php:43
Stack trace:
#0 /home/rahadyan/PPL/vendor/laravel/framework/src/Illuminate/Encryption/EncryptionServiceProvider.php(27): Illuminate\Encryption\Encrypter->__construct('key', 'AES-256-CBC')
#1 /home/rahadyan/PPL/vendor/laravel/framework/src/Illuminate/Container/Container.php(678): Illuminate\Encryption\EncryptionServiceProvider->Illuminate\Encryption\{closure}(Object(Illuminate\Foundation\Application))
#2 /home/rahadyan/PPL/vendor/laravel/framework/src/Illuminate/Container/Container.php(565): Illuminate\Container\Container->build(Object(Closure))
#3 /home/rahadyan/PPL/vendor/laravel/framework/src/Illuminate/Foundation/Application.php(702): Illuminate\Container\Container->make('encrypter')
#4 /home/rahadyan/PPL/vendor/laravel/framework/src/Illuminate/Container/Container.php(771): Illuminate\Foundation\Application->make('encrypter')
#5 /home/rahadyan/PPL/vendor/laravel/framework/src/Illuminate/Container/Container.php(733): Illuminate\Container\Container->resolveClass(Object(ReflectionParameter))
#6 /home/rahadyan/PPL/vendor/laravel/framework/src/Illuminate/Container/Container.php(708): Illuminate\Container\Container->resolveDependencies(Array)
#7 /home/rahadyan/PPL/vendor/laravel/framework/src/Illuminate/Container/Container.php(565): Illuminate\Container\Container->build('App\\Http\\Middle...')
#8 /home/rahadyan/PPL/vendor/laravel/framework/src/Illuminate/Foundation/Application.php(702): Illuminate\Container\Container->make('App\\Http\\Middle...')
#9 /home/rahadyan/PPL/vendor/laravel/framework/src/Illuminate/Pipeline/Pipeline.php(138): Illuminate\Foundation\Application->make('App\\Http\\Middle...')
#10 /home/rahadyan/PPL/vendor/laravel/framework/src/Illuminate/Routing/Pipeline.php(53): Illuminate\Pipeline\Pipeline->Illuminate\Pipeline\{closure}(Object(Illuminate\Http\Request))
#11 /home/rahadyan/PPL/vendor/laravel/framework/src/Illuminate/Pipeline/Pipeline.php(102): Illuminate\Routing\Pipeline->Illuminate\Routing\{closure}(Object(Illuminate\Http\Request))
#12 /home/rahadyan/PPL/vendor/laravel/framework/src/Illuminate/Routing/Router.php(561): Illuminate\Pipeline\Pipeline->then(Object(Closure))
#13 /home/rahadyan/PPL/vendor/laravel/framework/src/Illuminate/Routing/Router.php(520): Illuminate\Routing\Router->runRouteWithinStack(Object(Illuminate\Routing\Route), Object(Illuminate\Http\Request))
#14 /home/rahadyan/PPL/vendor/laravel/framework/src/Illuminate/Routing/Router.php(498): Illuminate\Routing\Router->dispatchToRoute(Object(Illuminate\Http\Request))
#15 /home/rahadyan/PPL/vendor/laravel/framework/src/Illuminate/Foundation/Http/Kernel.php(174): Illuminate\Routing\Router->dispatch(Object(Illuminate\Http\Request))
#16 /home/rahadyan/PPL/vendor/laravel/framework/src/Illuminate/Routing/Pipeline.php(30): Illuminate\Foundation\Http\Kernel->Illuminate\Foundation\Http\{closure}(Object(Illuminate\Http\Request))
#17 /home/rahadyan/PPL/vendor/laravel/framework/src/Illuminate/Foundation/Http/Middleware/TransformsRequest.php(30): Illuminate\Routing\Pipeline->Illuminate\Routing\{closure}(Object(Illuminate\Http\Request))
#18 /home/rahadyan/PPL/vendor/laravel/framework/src/Illuminate/Pipeline/Pipeline.php(148): Illuminate\Foundation\Http\Middleware\TransformsRequest->handle(Object(Illuminate\Http\Request), Object(Closure))
#19 /home/rahadyan/PPL/vendor/laravel/framework/src/Illuminate/Routing/Pipeline.php(53): Illuminate\Pipeline\Pipeline->Illuminate\Pipeline\{closure}(Object(Illuminate\Http\Request))
#20 /home/rahadyan/PPL/vendor/laravel/framework/src/Illuminate/Foundation/Http/Middleware/TransformsRequest.php(30): Illuminate\Routing\Pipeline->Illuminate\Routing\{closure}(Object(Illuminate\Http\Request))
#21 /home/rahadyan/PPL/vendor/laravel/framework/src/Illuminate/Pipeline/Pipeline.php(148): Illuminate\Foundation\Http\Middleware\TransformsRequest->handle(Object(Illuminate\Http\Request), Object(Closure))
#22 /home/rahadyan/PPL/vendor/laravel/framework/src/Illuminate/Routing/Pipeline.php(53): Illuminate\Pipeline\Pipeline->Illuminate\Pipeline\{closure}(Object(Illuminate\Http\Request))
#23 /home/rahadyan/PPL/vendor/laravel/framework/src/Illuminate/Foundation/Http/Middleware/ValidatePostSize.php(27): Illuminate\Routing\Pipeline->Illuminate\Routing\{closure}(Object(Illuminate\Http\Request))
#24 /home/rahadyan/PPL/vendor/laravel/framework/src/Illuminate/Pipeline/Pipeline.php(148): Illuminate\Foundation\Http\Middleware\ValidatePostSize->handle(Object(Illuminate\Http\Request), Object(Closure))
#25 /home/rahadyan/PPL/vendor/laravel/framework/src/Illuminate/Routing/Pipeline.php(53): Illuminate\Pipeline\Pipeline->Illuminate\Pipeline\{closure}(Object(Illuminate\Http\Request))
#26 /home/rahadyan/PPL/vendor/laravel/framework/src/Illuminate/Foundation/Http/Middleware/CheckForMaintenanceMode.php(46): Illuminate\Routing\Pipeline->Illuminate\Routing\{closure}(Object(Illuminate\Http\Request))
#27 /home/rahadyan/PPL/vendor/laravel/framework/src/Illuminate/Pipeline/Pipeline.php(148): Illuminate\Foundation\Http\Middleware\CheckForMaintenanceMode->handle(Object(Illuminate\Http\Request), Object(Closure))
#28 /home/rahadyan/PPL/vendor/laravel/framework/src/Illuminate/Routing/Pipeline.php(53): Illuminate\Pipeline\Pipeline->Illuminate\Pipeline\{closure}(Object(Illuminate\Http\Request))
#29 /home/rahadyan/PPL/vendor/laravel/framework/src/Illuminate/Pipeline/Pipeline.php(102): Illuminate\Routing\Pipeline->Illuminate\Routing\{closure}(Object(Illuminate\Http\Request))
#30 /home/rahadyan/PPL/vendor/laravel/framework/src/Illuminate/Foundation/Http/Kernel.php(149): Illuminate\Pipeline\Pipeline->then(Object(Closure))
#31 /home/rahadyan/PPL/vendor/laravel/framework/src/Illuminate/Foundation/Http/Kernel.php(116): Illuminate\Foundation\Http\Kernel->sendRequestThroughRouter(Object(Illuminate\Http\Request))
#32 /home/rahadyan/PPL/vendor/laravel/framework/src/Illuminate/Foundation/Testing/Concerns/MakesHttpRequests.php(234): Illuminate\Foundation\Http\Kernel->handle(Object(Illuminate\Http\Request))
#33 /home/rahadyan/PPL/vendor/laravel/framework/src/Illuminate/Foundation/Testing/Concerns/MakesHttpRequests.php(57): Illuminate\Foundation\Testing\TestCase->call('GET', '/', Array, Array, Array, Array)
#34 /home/rahadyan/PPL/tests/Feature/ExampleTest.php(19): Illuminate\Foundation\Testing\TestCase->get('/')
#35 [internal function]: Tests\Feature\ExampleTest->testBasicTest()
#36 /home/rahadyan/PPL/vendor/phpunit/phpunit/src/Framework/TestCase.php(1120): ReflectionMethod->invokeArgs(Object(Tests\Feature\ExampleTest), Array)
#37 /home/rahadyan/PPL/vendor/phpunit/phpunit/src/Framework/TestCase.php(971): PHPUnit_Framework_TestCase->runTest()
#38 /home/rahadyan/PPL/vendor/phpunit/phpunit/src/Framework/TestResult.php(709): PHPUnit_Framework_TestCase->runBare()
#39 /home/rahadyan/PPL/vendor/phpunit/phpunit/src/Framework/TestCase.php(926): PHPUnit_Framework_TestResult->run(Object(Tests\Feature\ExampleTest))
#40 /home/rahadyan/PPL/vendor/phpunit/phpunit/src/Framework/TestSuite.php(728): PHPUnit_Framework_TestCase->run(Object(PHPUnit_Framework_TestResult))
#41 /home/rahadyan/PPL/vendor/phpunit/phpunit/src/Framework/TestSuite.php(728): PHPUnit_Framework_TestSuite->run(Object(PHPUnit_Framework_TestResult))
#42 /home/rahadyan/PPL/vendor/phpunit/phpunit/src/Framework/TestSuite.php(728): PHPUnit_Framework_TestSuite->run(Object(PHPUnit_Framework_TestResult))
#43 /home/rahadyan/PPL/vendor/phpunit/phpunit/src/TextUI/TestRunner.php(521): PHPUnit_Framework_TestSuite->run(Object(PHPUnit_Framework_TestResult))
#44 /home/rahadyan/PPL/vendor/phpunit/phpunit/src/TextUI/Command.php(188): PHPUnit_TextUI_TestRunner->doRun(Object(PHPUnit_Framework_TestSuite), Array, true)
#45 /home/rahadyan/PPL/vendor/phpunit/phpunit/src/TextUI/Command.php(118): PHPUnit_TextUI_Command->run(Array, true)
#46 /home/rahadyan/PPL/vendor/phpunit/phpunit/phpunit(52): PHPUnit_TextUI_Command::main()
#47 {main}  
[2017-03-22 18:03:12] production.ERROR: ErrorException: file_get_contents(/home/rahadyan/PPL/.env): failed to open stream: No such file or directory in /home/rahadyan/PPL/vendor/laravel/framework/src/Illuminate/Foundation/Console/KeyGenerateCommand.php:95
Stack trace:
#0 [internal function]: Illuminate\Foundation\Bootstrap\HandleExceptions->handleError(2, 'file_get_conten...', '/home/rahadyan/...', 95, Array)
#1 /home/rahadyan/PPL/vendor/laravel/framework/src/Illuminate/Foundation/Console/KeyGenerateCommand.php(95): file_get_contents('/home/rahadyan/...')
#2 /home/rahadyan/PPL/vendor/laravel/framework/src/Illuminate/Foundation/Console/KeyGenerateCommand.php(79): Illuminate\Foundation\Console\KeyGenerateCommand->writeNewEnvironmentFileWith('base64:AA5JiVt8...')
#3 /home/rahadyan/PPL/vendor/laravel/framework/src/Illuminate/Foundation/Console/KeyGenerateCommand.php(44): Illuminate\Foundation\Console\KeyGenerateCommand->setKeyInEnvironmentFile('base64:AA5JiVt8...')
#4 [internal function]: Illuminate\Foundation\Console\KeyGenerateCommand->fire()
#5 /home/rahadyan/PPL/vendor/laravel/framework/src/Illuminate/Container/BoundMethod.php(29): call_user_func_array(Array, Array)
#6 /home/rahadyan/PPL/vendor/laravel/framework/src/Illuminate/Container/BoundMethod.php(87): Illuminate\Container\BoundMethod::Illuminate\Container\{closure}()
#7 /home/rahadyan/PPL/vendor/laravel/framework/src/Illuminate/Container/BoundMethod.php(31): Illuminate\Container\BoundMethod::callBoundMethod(Object(Illuminate\Foundation\Application), Array, Object(Closure))
#8 /home/rahadyan/PPL/vendor/laravel/framework/src/Illuminate/Container/Container.php(524): Illuminate\Container\BoundMethod::call(Object(Illuminate\Foundation\Application), Array, Array, NULL)
#9 /home/rahadyan/PPL/vendor/laravel/framework/src/Illuminate/Console/Command.php(182): Illuminate\Container\Container->call(Array)
#10 /home/rahadyan/PPL/vendor/symfony/console/Command/Command.php(262): Illuminate\Console\Command->execute(Object(Symfony\Component\Console\Input\ArgvInput), Object(Illuminate\Console\OutputStyle))
#11 /home/rahadyan/PPL/vendor/laravel/framework/src/Illuminate/Console/Command.php(167): Symfony\Component\Console\Command\Command->run(Object(Symfony\Component\Console\Input\ArgvInput), Object(Illuminate\Console\OutputStyle))
#12 /home/rahadyan/PPL/vendor/symfony/console/Application.php(826): Illuminate\Console\Command->run(Object(Symfony\Component\Console\Input\ArgvInput), Object(Symfony\Component\Console\Output\ConsoleOutput))
#13 /home/rahadyan/PPL/vendor/symfony/console/Application.php(189): Symfony\Component\Console\Application->doRunCommand(Object(Illuminate\Foundation\Console\KeyGenerateCommand), Object(Symfony\Component\Console\Input\ArgvInput), Object(Symfony\Component\Console\Output\ConsoleOutput))
#14 /home/rahadyan/PPL/vendor/symfony/console/Application.php(120): Symfony\Component\Console\Application->doRun(Object(Symfony\Component\Console\Input\ArgvInput), Object(Symfony\Component\Console\Output\ConsoleOutput))
#15 /home/rahadyan/PPL/vendor/laravel/framework/src/Illuminate/Foundation/Console/Kernel.php(123): Symfony\Component\Console\Application->run(Object(Symfony\Component\Console\Input\ArgvInput), Object(Symfony\Component\Console\Output\ConsoleOutput))
#16 /home/rahadyan/PPL/artisan(35): Illuminate\Foundation\Console\Kernel->handle(Object(Symfony\Component\Console\Input\ArgvInput), Object(Symfony\Component\Console\Output\ConsoleOutput))
#17 {main}  
[2017-03-22 18:05:44] testing.ERROR: RuntimeException: The only supported ciphers are AES-128-CBC and AES-256-CBC with the correct key lengths. in /home/rahadyan/PPL/vendor/laravel/framework/src/Illuminate/Encryption/Encrypter.php:43
Stack trace:
#0 /home/rahadyan/PPL/vendor/laravel/framework/src/Illuminate/Encryption/EncryptionServiceProvider.php(27): Illuminate\Encryption\Encrypter->__construct('key', 'AES-256-CBC')
#1 /home/rahadyan/PPL/vendor/laravel/framework/src/Illuminate/Container/Container.php(678): Illuminate\Encryption\EncryptionServiceProvider->Illuminate\Encryption\{closure}(Object(Illuminate\Foundation\Application))
#2 /home/rahadyan/PPL/vendor/laravel/framework/src/Illuminate/Container/Container.php(565): Illuminate\Container\Container->build(Object(Closure))
#3 /home/rahadyan/PPL/vendor/laravel/framework/src/Illuminate/Foundation/Application.php(702): Illuminate\Container\Container->make('encrypter')
#4 /home/rahadyan/PPL/vendor/laravel/framework/src/Illuminate/Container/Container.php(771): Illuminate\Foundation\Application->make('encrypter')
#5 /home/rahadyan/PPL/vendor/laravel/framework/src/Illuminate/Container/Container.php(733): Illuminate\Container\Container->resolveClass(Object(ReflectionParameter))
#6 /home/rahadyan/PPL/vendor/laravel/framework/src/Illuminate/Container/Container.php(708): Illuminate\Container\Container->resolveDependencies(Array)
#7 /home/rahadyan/PPL/vendor/laravel/framework/src/Illuminate/Container/Container.php(565): Illuminate\Container\Container->build('App\\Http\\Middle...')
#8 /home/rahadyan/PPL/vendor/laravel/framework/src/Illuminate/Foundation/Application.php(702): Illuminate\Container\Container->make('App\\Http\\Middle...')
#9 /home/rahadyan/PPL/vendor/laravel/framework/src/Illuminate/Pipeline/Pipeline.php(138): Illuminate\Foundation\Application->make('App\\Http\\Middle...')
#10 /home/rahadyan/PPL/vendor/laravel/framework/src/Illuminate/Routing/Pipeline.php(53): Illuminate\Pipeline\Pipeline->Illuminate\Pipeline\{closure}(Object(Illuminate\Http\Request))
#11 /home/rahadyan/PPL/vendor/laravel/framework/src/Illuminate/Pipeline/Pipeline.php(102): Illuminate\Routing\Pipeline->Illuminate\Routing\{closure}(Object(Illuminate\Http\Request))
#12 /home/rahadyan/PPL/vendor/laravel/framework/src/Illuminate/Routing/Router.php(561): Illuminate\Pipeline\Pipeline->then(Object(Closure))
#13 /home/rahadyan/PPL/vendor/laravel/framework/src/Illuminate/Routing/Router.php(520): Illuminate\Routing\Router->runRouteWithinStack(Object(Illuminate\Routing\Route), Object(Illuminate\Http\Request))
#14 /home/rahadyan/PPL/vendor/laravel/framework/src/Illuminate/Routing/Router.php(498): Illuminate\Routing\Router->dispatchToRoute(Object(Illuminate\Http\Request))
#15 /home/rahadyan/PPL/vendor/laravel/framework/src/Illuminate/Foundation/Http/Kernel.php(174): Illuminate\Routing\Router->dispatch(Object(Illuminate\Http\Request))
#16 /home/rahadyan/PPL/vendor/laravel/framework/src/Illuminate/Routing/Pipeline.php(30): Illuminate\Foundation\Http\Kernel->Illuminate\Foundation\Http\{closure}(Object(Illuminate\Http\Request))
#17 /home/rahadyan/PPL/vendor/laravel/framework/src/Illuminate/Foundation/Http/Middleware/TransformsRequest.php(30): Illuminate\Routing\Pipeline->Illuminate\Routing\{closure}(Object(Illuminate\Http\Request))
#18 /home/rahadyan/PPL/vendor/laravel/framework/src/Illuminate/Pipeline/Pipeline.php(148): Illuminate\Foundation\Http\Middleware\TransformsRequest->handle(Object(Illuminate\Http\Request), Object(Closure))
#19 /home/rahadyan/PPL/vendor/laravel/framework/src/Illuminate/Routing/Pipeline.php(53): Illuminate\Pipeline\Pipeline->Illuminate\Pipeline\{closure}(Object(Illuminate\Http\Request))
#20 /home/rahadyan/PPL/vendor/laravel/framework/src/Illuminate/Foundation/Http/Middleware/TransformsRequest.php(30): Illuminate\Routing\Pipeline->Illuminate\Routing\{closure}(Object(Illuminate\Http\Request))
#21 /home/rahadyan/PPL/vendor/laravel/framework/src/Illuminate/Pipeline/Pipeline.php(148): Illuminate\Foundation\Http\Middleware\TransformsRequest->handle(Object(Illuminate\Http\Request), Object(Closure))
#22 /home/rahadyan/PPL/vendor/laravel/framework/src/Illuminate/Routing/Pipeline.php(53): Illuminate\Pipeline\Pipeline->Illuminate\Pipeline\{closure}(Object(Illuminate\Http\Request))
#23 /home/rahadyan/PPL/vendor/laravel/framework/src/Illuminate/Foundation/Http/Middleware/ValidatePostSize.php(27): Illuminate\Routing\Pipeline->Illuminate\Routing\{closure}(Object(Illuminate\Http\Request))
#24 /home/rahadyan/PPL/vendor/laravel/framework/src/Illuminate/Pipeline/Pipeline.php(148): Illuminate\Foundation\Http\Middleware\ValidatePostSize->handle(Object(Illuminate\Http\Request), Object(Closure))
#25 /home/rahadyan/PPL/vendor/laravel/framework/src/Illuminate/Routing/Pipeline.php(53): Illuminate\Pipeline\Pipeline->Illuminate\Pipeline\{closure}(Object(Illuminate\Http\Request))
#26 /home/rahadyan/PPL/vendor/laravel/framework/src/Illuminate/Foundation/Http/Middleware/CheckForMaintenanceMode.php(46): Illuminate\Routing\Pipeline->Illuminate\Routing\{closure}(Object(Illuminate\Http\Request))
#27 /home/rahadyan/PPL/vendor/laravel/framework/src/Illuminate/Pipeline/Pipeline.php(148): Illuminate\Foundation\Http\Middleware\CheckForMaintenanceMode->handle(Object(Illuminate\Http\Request), Object(Closure))
#28 /home/rahadyan/PPL/vendor/laravel/framework/src/Illuminate/Routing/Pipeline.php(53): Illuminate\Pipeline\Pipeline->Illuminate\Pipeline\{closure}(Object(Illuminate\Http\Request))
#29 /home/rahadyan/PPL/vendor/laravel/framework/src/Illuminate/Pipeline/Pipeline.php(102): Illuminate\Routing\Pipeline->Illuminate\Routing\{closure}(Object(Illuminate\Http\Request))
#30 /home/rahadyan/PPL/vendor/laravel/framework/src/Illuminate/Foundation/Http/Kernel.php(149): Illuminate\Pipeline\Pipeline->then(Object(Closure))
#31 /home/rahadyan/PPL/vendor/laravel/framework/src/Illuminate/Foundation/Http/Kernel.php(116): Illuminate\Foundation\Http\Kernel->sendRequestThroughRouter(Object(Illuminate\Http\Request))
#32 /home/rahadyan/PPL/vendor/laravel/framework/src/Illuminate/Foundation/Testing/Concerns/MakesHttpRequests.php(234): Illuminate\Foundation\Http\Kernel->handle(Object(Illuminate\Http\Request))
#33 /home/rahadyan/PPL/vendor/laravel/framework/src/Illuminate/Foundation/Testing/Concerns/MakesHttpRequests.php(57): Illuminate\Foundation\Testing\TestCase->call('GET', '/', Array, Array, Array, Array)
#34 /home/rahadyan/PPL/tests/Feature/ExampleTest.php(19): Illuminate\Foundation\Testing\TestCase->get('/')
#35 [internal function]: Tests\Feature\ExampleTest->testBasicTest()
#36 /home/rahadyan/PPL/vendor/phpunit/phpunit/src/Framework/TestCase.php(1120): ReflectionMethod->invokeArgs(Object(Tests\Feature\ExampleTest), Array)
#37 /home/rahadyan/PPL/vendor/phpunit/phpunit/src/Framework/TestCase.php(971): PHPUnit_Framework_TestCase->runTest()
#38 /home/rahadyan/PPL/vendor/phpunit/phpunit/src/Framework/TestResult.php(709): PHPUnit_Framework_TestCase->runBare()
#39 /home/rahadyan/PPL/vendor/phpunit/phpunit/src/Framework/TestCase.php(926): PHPUnit_Framework_TestResult->run(Object(Tests\Feature\ExampleTest))
#40 /home/rahadyan/PPL/vendor/phpunit/phpunit/src/Framework/TestSuite.php(728): PHPUnit_Framework_TestCase->run(Object(PHPUnit_Framework_TestResult))
#41 /home/rahadyan/PPL/vendor/phpunit/phpunit/src/Framework/TestSuite.php(728): PHPUnit_Framework_TestSuite->run(Object(PHPUnit_Framework_TestResult))
#42 /home/rahadyan/PPL/vendor/phpunit/phpunit/src/Framework/TestSuite.php(728): PHPUnit_Framework_TestSuite->run(Object(PHPUnit_Framework_TestResult))
#43 /home/rahadyan/PPL/vendor/phpunit/phpunit/src/TextUI/TestRunner.php(521): PHPUnit_Framework_TestSuite->run(Object(PHPUnit_Framework_TestResult))
#44 /home/rahadyan/PPL/vendor/phpunit/phpunit/src/TextUI/Command.php(188): PHPUnit_TextUI_TestRunner->doRun(Object(PHPUnit_Framework_TestSuite), Array, true)
#45 /home/rahadyan/PPL/vendor/phpunit/phpunit/src/TextUI/Command.php(118): PHPUnit_TextUI_Command->run(Array, true)
#46 /home/rahadyan/PPL/vendor/phpunit/phpunit/phpunit(52): PHPUnit_TextUI_Command::main()
#47 {main}  
[2017-03-22 18:08:38] testing.ERROR: RuntimeException: The only supported ciphers are AES-128-CBC and AES-256-CBC with the correct key lengths. in /home/rahadyan/PPL/vendor/laravel/framework/src/Illuminate/Encryption/Encrypter.php:43
Stack trace:
#0 /home/rahadyan/PPL/vendor/laravel/framework/src/Illuminate/Encryption/EncryptionServiceProvider.php(27): Illuminate\Encryption\Encrypter->__construct('key', 'AES-256-CBC')
#1 /home/rahadyan/PPL/vendor/laravel/framework/src/Illuminate/Container/Container.php(678): Illuminate\Encryption\EncryptionServiceProvider->Illuminate\Encryption\{closure}(Object(Illuminate\Foundation\Application))
#2 /home/rahadyan/PPL/vendor/laravel/framework/src/Illuminate/Container/Container.php(565): Illuminate\Container\Container->build(Object(Closure))
#3 /home/rahadyan/PPL/vendor/laravel/framework/src/Illuminate/Foundation/Application.php(702): Illuminate\Container\Container->make('encrypter')
#4 /home/rahadyan/PPL/vendor/laravel/framework/src/Illuminate/Container/Container.php(771): Illuminate\Foundation\Application->make('encrypter')
#5 /home/rahadyan/PPL/vendor/laravel/framework/src/Illuminate/Container/Container.php(733): Illuminate\Container\Container->resolveClass(Object(ReflectionParameter))
#6 /home/rahadyan/PPL/vendor/laravel/framework/src/Illuminate/Container/Container.php(708): Illuminate\Container\Container->resolveDependencies(Array)
#7 /home/rahadyan/PPL/vendor/laravel/framework/src/Illuminate/Container/Container.php(565): Illuminate\Container\Container->build('App\\Http\\Middle...')
#8 /home/rahadyan/PPL/vendor/laravel/framework/src/Illuminate/Foundation/Application.php(702): Illuminate\Container\Container->make('App\\Http\\Middle...')
#9 /home/rahadyan/PPL/vendor/laravel/framework/src/Illuminate/Pipeline/Pipeline.php(138): Illuminate\Foundation\Application->make('App\\Http\\Middle...')
#10 /home/rahadyan/PPL/vendor/laravel/framework/src/Illuminate/Routing/Pipeline.php(53): Illuminate\Pipeline\Pipeline->Illuminate\Pipeline\{closure}(Object(Illuminate\Http\Request))
#11 /home/rahadyan/PPL/vendor/laravel/framework/src/Illuminate/Pipeline/Pipeline.php(102): Illuminate\Routing\Pipeline->Illuminate\Routing\{closure}(Object(Illuminate\Http\Request))
#12 /home/rahadyan/PPL/vendor/laravel/framework/src/Illuminate/Routing/Router.php(561): Illuminate\Pipeline\Pipeline->then(Object(Closure))
#13 /home/rahadyan/PPL/vendor/laravel/framework/src/Illuminate/Routing/Router.php(520): Illuminate\Routing\Router->runRouteWithinStack(Object(Illuminate\Routing\Route), Object(Illuminate\Http\Request))
#14 /home/rahadyan/PPL/vendor/laravel/framework/src/Illuminate/Routing/Router.php(498): Illuminate\Routing\Router->dispatchToRoute(Object(Illuminate\Http\Request))
#15 /home/rahadyan/PPL/vendor/laravel/framework/src/Illuminate/Foundation/Http/Kernel.php(174): Illuminate\Routing\Router->dispatch(Object(Illuminate\Http\Request))
#16 /home/rahadyan/PPL/vendor/laravel/framework/src/Illuminate/Routing/Pipeline.php(30): Illuminate\Foundation\Http\Kernel->Illuminate\Foundation\Http\{closure}(Object(Illuminate\Http\Request))
#17 /home/rahadyan/PPL/vendor/laravel/framework/src/Illuminate/Foundation/Http/Middleware/TransformsRequest.php(30): Illuminate\Routing\Pipeline->Illuminate\Routing\{closure}(Object(Illuminate\Http\Request))
#18 /home/rahadyan/PPL/vendor/laravel/framework/src/Illuminate/Pipeline/Pipeline.php(148): Illuminate\Foundation\Http\Middleware\TransformsRequest->handle(Object(Illuminate\Http\Request), Object(Closure))
#19 /home/rahadyan/PPL/vendor/laravel/framework/src/Illuminate/Routing/Pipeline.php(53): Illuminate\Pipeline\Pipeline->Illuminate\Pipeline\{closure}(Object(Illuminate\Http\Request))
#20 /home/rahadyan/PPL/vendor/laravel/framework/src/Illuminate/Foundation/Http/Middleware/TransformsRequest.php(30): Illuminate\Routing\Pipeline->Illuminate\Routing\{closure}(Object(Illuminate\Http\Request))
#21 /home/rahadyan/PPL/vendor/laravel/framework/src/Illuminate/Pipeline/Pipeline.php(148): Illuminate\Foundation\Http\Middleware\TransformsRequest->handle(Object(Illuminate\Http\Request), Object(Closure))
#22 /home/rahadyan/PPL/vendor/laravel/framework/src/Illuminate/Routing/Pipeline.php(53): Illuminate\Pipeline\Pipeline->Illuminate\Pipeline\{closure}(Object(Illuminate\Http\Request))
#23 /home/rahadyan/PPL/vendor/laravel/framework/src/Illuminate/Foundation/Http/Middleware/ValidatePostSize.php(27): Illuminate\Routing\Pipeline->Illuminate\Routing\{closure}(Object(Illuminate\Http\Request))
#24 /home/rahadyan/PPL/vendor/laravel/framework/src/Illuminate/Pipeline/Pipeline.php(148): Illuminate\Foundation\Http\Middleware\ValidatePostSize->handle(Object(Illuminate\Http\Request), Object(Closure))
#25 /home/rahadyan/PPL/vendor/laravel/framework/src/Illuminate/Routing/Pipeline.php(53): Illuminate\Pipeline\Pipeline->Illuminate\Pipeline\{closure}(Object(Illuminate\Http\Request))
#26 /home/rahadyan/PPL/vendor/laravel/framework/src/Illuminate/Foundation/Http/Middleware/CheckForMaintenanceMode.php(46): Illuminate\Routing\Pipeline->Illuminate\Routing\{closure}(Object(Illuminate\Http\Request))
#27 /home/rahadyan/PPL/vendor/laravel/framework/src/Illuminate/Pipeline/Pipeline.php(148): Illuminate\Foundation\Http\Middleware\CheckForMaintenanceMode->handle(Object(Illuminate\Http\Request), Object(Closure))
#28 /home/rahadyan/PPL/vendor/laravel/framework/src/Illuminate/Routing/Pipeline.php(53): Illuminate\Pipeline\Pipeline->Illuminate\Pipeline\{closure}(Object(Illuminate\Http\Request))
#29 /home/rahadyan/PPL/vendor/laravel/framework/src/Illuminate/Pipeline/Pipeline.php(102): Illuminate\Routing\Pipeline->Illuminate\Routing\{closure}(Object(Illuminate\Http\Request))
#30 /home/rahadyan/PPL/vendor/laravel/framework/src/Illuminate/Foundation/Http/Kernel.php(149): Illuminate\Pipeline\Pipeline->then(Object(Closure))
#31 /home/rahadyan/PPL/vendor/laravel/framework/src/Illuminate/Foundation/Http/Kernel.php(116): Illuminate\Foundation\Http\Kernel->sendRequestThroughRouter(Object(Illuminate\Http\Request))
#32 /home/rahadyan/PPL/vendor/laravel/framework/src/Illuminate/Foundation/Testing/Concerns/MakesHttpRequests.php(234): Illuminate\Foundation\Http\Kernel->handle(Object(Illuminate\Http\Request))
#33 /home/rahadyan/PPL/vendor/laravel/framework/src/Illuminate/Foundation/Testing/Concerns/MakesHttpRequests.php(57): Illuminate\Foundation\Testing\TestCase->call('GET', '/', Array, Array, Array, Array)
#34 /home/rahadyan/PPL/tests/Feature/ExampleTest.php(19): Illuminate\Foundation\Testing\TestCase->get('/')
#35 [internal function]: Tests\Feature\ExampleTest->testBasicTest()
#36 /home/rahadyan/PPL/vendor/phpunit/phpunit/src/Framework/TestCase.php(1120): ReflectionMethod->invokeArgs(Object(Tests\Feature\ExampleTest), Array)
#37 /home/rahadyan/PPL/vendor/phpunit/phpunit/src/Framework/TestCase.php(971): PHPUnit_Framework_TestCase->runTest()
#38 /home/rahadyan/PPL/vendor/phpunit/phpunit/src/Framework/TestResult.php(709): PHPUnit_Framework_TestCase->runBare()
#39 /home/rahadyan/PPL/vendor/phpunit/phpunit/src/Framework/TestCase.php(926): PHPUnit_Framework_TestResult->run(Object(Tests\Feature\ExampleTest))
#40 /home/rahadyan/PPL/vendor/phpunit/phpunit/src/Framework/TestSuite.php(728): PHPUnit_Framework_TestCase->run(Object(PHPUnit_Framework_TestResult))
#41 /home/rahadyan/PPL/vendor/phpunit/phpunit/src/Framework/TestSuite.php(728): PHPUnit_Framework_TestSuite->run(Object(PHPUnit_Framework_TestResult))
#42 /home/rahadyan/PPL/vendor/phpunit/phpunit/src/Framework/TestSuite.php(728): PHPUnit_Framework_TestSuite->run(Object(PHPUnit_Framework_TestResult))
#43 /home/rahadyan/PPL/vendor/phpunit/phpunit/src/TextUI/TestRunner.php(521): PHPUnit_Framework_TestSuite->run(Object(PHPUnit_Framework_TestResult))
#44 /home/rahadyan/PPL/vendor/phpunit/phpunit/src/TextUI/Command.php(188): PHPUnit_TextUI_TestRunner->doRun(Object(PHPUnit_Framework_TestSuite), Array, true)
#45 /home/rahadyan/PPL/vendor/phpunit/phpunit/src/TextUI/Command.php(118): PHPUnit_TextUI_Command->run(Array, true)
#46 /home/rahadyan/PPL/vendor/phpunit/phpunit/phpunit(52): PHPUnit_TextUI_Command::main()
#47 {main}  
[2017-03-22 18:08:48] testing.ERROR: RuntimeException: The only supported ciphers are AES-128-CBC and AES-256-CBC with the correct key lengths. in /home/rahadyan/PPL/vendor/laravel/framework/src/Illuminate/Encryption/Encrypter.php:43
Stack trace:
#0 /home/rahadyan/PPL/vendor/laravel/framework/src/Illuminate/Encryption/EncryptionServiceProvider.php(27): Illuminate\Encryption\Encrypter->__construct('key', 'AES-256-CBC')
#1 /home/rahadyan/PPL/vendor/laravel/framework/src/Illuminate/Container/Container.php(678): Illuminate\Encryption\EncryptionServiceProvider->Illuminate\Encryption\{closure}(Object(Illuminate\Foundation\Application))
#2 /home/rahadyan/PPL/vendor/laravel/framework/src/Illuminate/Container/Container.php(565): Illuminate\Container\Container->build(Object(Closure))
#3 /home/rahadyan/PPL/vendor/laravel/framework/src/Illuminate/Foundation/Application.php(702): Illuminate\Container\Container->make('encrypter')
#4 /home/rahadyan/PPL/vendor/laravel/framework/src/Illuminate/Container/Container.php(771): Illuminate\Foundation\Application->make('encrypter')
#5 /home/rahadyan/PPL/vendor/laravel/framework/src/Illuminate/Container/Container.php(733): Illuminate\Container\Container->resolveClass(Object(ReflectionParameter))
#6 /home/rahadyan/PPL/vendor/laravel/framework/src/Illuminate/Container/Container.php(708): Illuminate\Container\Container->resolveDependencies(Array)
#7 /home/rahadyan/PPL/vendor/laravel/framework/src/Illuminate/Container/Container.php(565): Illuminate\Container\Container->build('App\\Http\\Middle...')
#8 /home/rahadyan/PPL/vendor/laravel/framework/src/Illuminate/Foundation/Application.php(702): Illuminate\Container\Container->make('App\\Http\\Middle...')
#9 /home/rahadyan/PPL/vendor/laravel/framework/src/Illuminate/Pipeline/Pipeline.php(138): Illuminate\Foundation\Application->make('App\\Http\\Middle...')
#10 /home/rahadyan/PPL/vendor/laravel/framework/src/Illuminate/Routing/Pipeline.php(53): Illuminate\Pipeline\Pipeline->Illuminate\Pipeline\{closure}(Object(Illuminate\Http\Request))
#11 /home/rahadyan/PPL/vendor/laravel/framework/src/Illuminate/Pipeline/Pipeline.php(102): Illuminate\Routing\Pipeline->Illuminate\Routing\{closure}(Object(Illuminate\Http\Request))
#12 /home/rahadyan/PPL/vendor/laravel/framework/src/Illuminate/Routing/Router.php(561): Illuminate\Pipeline\Pipeline->then(Object(Closure))
#13 /home/rahadyan/PPL/vendor/laravel/framework/src/Illuminate/Routing/Router.php(520): Illuminate\Routing\Router->runRouteWithinStack(Object(Illuminate\Routing\Route), Object(Illuminate\Http\Request))
#14 /home/rahadyan/PPL/vendor/laravel/framework/src/Illuminate/Routing/Router.php(498): Illuminate\Routing\Router->dispatchToRoute(Object(Illuminate\Http\Request))
#15 /home/rahadyan/PPL/vendor/laravel/framework/src/Illuminate/Foundation/Http/Kernel.php(174): Illuminate\Routing\Router->dispatch(Object(Illuminate\Http\Request))
#16 /home/rahadyan/PPL/vendor/laravel/framework/src/Illuminate/Routing/Pipeline.php(30): Illuminate\Foundation\Http\Kernel->Illuminate\Foundation\Http\{closure}(Object(Illuminate\Http\Request))
#17 /home/rahadyan/PPL/vendor/laravel/framework/src/Illuminate/Foundation/Http/Middleware/TransformsRequest.php(30): Illuminate\Routing\Pipeline->Illuminate\Routing\{closure}(Object(Illuminate\Http\Request))
#18 /home/rahadyan/PPL/vendor/laravel/framework/src/Illuminate/Pipeline/Pipeline.php(148): Illuminate\Foundation\Http\Middleware\TransformsRequest->handle(Object(Illuminate\Http\Request), Object(Closure))
#19 /home/rahadyan/PPL/vendor/laravel/framework/src/Illuminate/Routing/Pipeline.php(53): Illuminate\Pipeline\Pipeline->Illuminate\Pipeline\{closure}(Object(Illuminate\Http\Request))
#20 /home/rahadyan/PPL/vendor/laravel/framework/src/Illuminate/Foundation/Http/Middleware/TransformsRequest.php(30): Illuminate\Routing\Pipeline->Illuminate\Routing\{closure}(Object(Illuminate\Http\Request))
#21 /home/rahadyan/PPL/vendor/laravel/framework/src/Illuminate/Pipeline/Pipeline.php(148): Illuminate\Foundation\Http\Middleware\TransformsRequest->handle(Object(Illuminate\Http\Request), Object(Closure))
#22 /home/rahadyan/PPL/vendor/laravel/framework/src/Illuminate/Routing/Pipeline.php(53): Illuminate\Pipeline\Pipeline->Illuminate\Pipeline\{closure}(Object(Illuminate\Http\Request))
#23 /home/rahadyan/PPL/vendor/laravel/framework/src/Illuminate/Foundation/Http/Middleware/ValidatePostSize.php(27): Illuminate\Routing\Pipeline->Illuminate\Routing\{closure}(Object(Illuminate\Http\Request))
#24 /home/rahadyan/PPL/vendor/laravel/framework/src/Illuminate/Pipeline/Pipeline.php(148): Illuminate\Foundation\Http\Middleware\ValidatePostSize->handle(Object(Illuminate\Http\Request), Object(Closure))
#25 /home/rahadyan/PPL/vendor/laravel/framework/src/Illuminate/Routing/Pipeline.php(53): Illuminate\Pipeline\Pipeline->Illuminate\Pipeline\{closure}(Object(Illuminate\Http\Request))
#26 /home/rahadyan/PPL/vendor/laravel/framework/src/Illuminate/Foundation/Http/Middleware/CheckForMaintenanceMode.php(46): Illuminate\Routing\Pipeline->Illuminate\Routing\{closure}(Object(Illuminate\Http\Request))
#27 /home/rahadyan/PPL/vendor/laravel/framework/src/Illuminate/Pipeline/Pipeline.php(148): Illuminate\Foundation\Http\Middleware\CheckForMaintenanceMode->handle(Object(Illuminate\Http\Request), Object(Closure))
#28 /home/rahadyan/PPL/vendor/laravel/framework/src/Illuminate/Routing/Pipeline.php(53): Illuminate\Pipeline\Pipeline->Illuminate\Pipeline\{closure}(Object(Illuminate\Http\Request))
#29 /home/rahadyan/PPL/vendor/laravel/framework/src/Illuminate/Pipeline/Pipeline.php(102): Illuminate\Routing\Pipeline->Illuminate\Routing\{closure}(Object(Illuminate\Http\Request))
#30 /home/rahadyan/PPL/vendor/laravel/framework/src/Illuminate/Foundation/Http/Kernel.php(149): Illuminate\Pipeline\Pipeline->then(Object(Closure))
#31 /home/rahadyan/PPL/vendor/laravel/framework/src/Illuminate/Foundation/Http/Kernel.php(116): Illuminate\Foundation\Http\Kernel->sendRequestThroughRouter(Object(Illuminate\Http\Request))
#32 /home/rahadyan/PPL/vendor/laravel/framework/src/Illuminate/Foundation/Testing/Concerns/MakesHttpRequests.php(234): Illuminate\Foundation\Http\Kernel->handle(Object(Illuminate\Http\Request))
#33 /home/rahadyan/PPL/vendor/laravel/framework/src/Illuminate/Foundation/Testing/Concerns/MakesHttpRequests.php(57): Illuminate\Foundation\Testing\TestCase->call('GET', '/', Array, Array, Array, Array)
#34 /home/rahadyan/PPL/tests/Feature/ExampleTest.php(19): Illuminate\Foundation\Testing\TestCase->get('/')
#35 [internal function]: Tests\Feature\ExampleTest->testBasicTest()
#36 /home/rahadyan/PPL/vendor/phpunit/phpunit/src/Framework/TestCase.php(1120): ReflectionMethod->invokeArgs(Object(Tests\Feature\ExampleTest), Array)
#37 /home/rahadyan/PPL/vendor/phpunit/phpunit/src/Framework/TestCase.php(971): PHPUnit_Framework_TestCase->runTest()
#38 /home/rahadyan/PPL/vendor/phpunit/phpunit/src/Framework/TestResult.php(709): PHPUnit_Framework_TestCase->runBare()
#39 /home/rahadyan/PPL/vendor/phpunit/phpunit/src/Framework/TestCase.php(926): PHPUnit_Framework_TestResult->run(Object(Tests\Feature\ExampleTest))
#40 /home/rahadyan/PPL/vendor/phpunit/phpunit/src/Framework/TestSuite.php(728): PHPUnit_Framework_TestCase->run(Object(PHPUnit_Framework_TestResult))
#41 /home/rahadyan/PPL/vendor/phpunit/phpunit/src/Framework/TestSuite.php(728): PHPUnit_Framework_TestSuite->run(Object(PHPUnit_Framework_TestResult))
#42 /home/rahadyan/PPL/vendor/phpunit/phpunit/src/Framework/TestSuite.php(728): PHPUnit_Framework_TestSuite->run(Object(PHPUnit_Framework_TestResult))
#43 /home/rahadyan/PPL/vendor/phpunit/phpunit/src/TextUI/TestRunner.php(521): PHPUnit_Framework_TestSuite->run(Object(PHPUnit_Framework_TestResult))
#44 /home/rahadyan/PPL/vendor/phpunit/phpunit/src/TextUI/Command.php(188): PHPUnit_TextUI_TestRunner->doRun(Object(PHPUnit_Framework_TestSuite), Array, true)
#45 /home/rahadyan/PPL/vendor/phpunit/phpunit/src/TextUI/Command.php(118): PHPUnit_TextUI_Command->run(Array, true)
#46 /home/rahadyan/PPL/vendor/phpunit/phpunit/phpunit(52): PHPUnit_TextUI_Command::main()
#47 {main}  
[2017-03-22 18:09:09] testing.ERROR: RuntimeException: The only supported ciphers are AES-128-CBC and AES-256-CBC with the correct key lengths. in /home/rahadyan/PPL/vendor/laravel/framework/src/Illuminate/Encryption/Encrypter.php:43
Stack trace:
#0 /home/rahadyan/PPL/vendor/laravel/framework/src/Illuminate/Encryption/EncryptionServiceProvider.php(27): Illuminate\Encryption\Encrypter->__construct('key', 'AES-256-CBC')
#1 /home/rahadyan/PPL/vendor/laravel/framework/src/Illuminate/Container/Container.php(678): Illuminate\Encryption\EncryptionServiceProvider->Illuminate\Encryption\{closure}(Object(Illuminate\Foundation\Application))
#2 /home/rahadyan/PPL/vendor/laravel/framework/src/Illuminate/Container/Container.php(565): Illuminate\Container\Container->build(Object(Closure))
#3 /home/rahadyan/PPL/vendor/laravel/framework/src/Illuminate/Foundation/Application.php(702): Illuminate\Container\Container->make('encrypter')
#4 /home/rahadyan/PPL/vendor/laravel/framework/src/Illuminate/Container/Container.php(771): Illuminate\Foundation\Application->make('encrypter')
#5 /home/rahadyan/PPL/vendor/laravel/framework/src/Illuminate/Container/Container.php(733): Illuminate\Container\Container->resolveClass(Object(ReflectionParameter))
#6 /home/rahadyan/PPL/vendor/laravel/framework/src/Illuminate/Container/Container.php(708): Illuminate\Container\Container->resolveDependencies(Array)
#7 /home/rahadyan/PPL/vendor/laravel/framework/src/Illuminate/Container/Container.php(565): Illuminate\Container\Container->build('App\\Http\\Middle...')
#8 /home/rahadyan/PPL/vendor/laravel/framework/src/Illuminate/Foundation/Application.php(702): Illuminate\Container\Container->make('App\\Http\\Middle...')
#9 /home/rahadyan/PPL/vendor/laravel/framework/src/Illuminate/Pipeline/Pipeline.php(138): Illuminate\Foundation\Application->make('App\\Http\\Middle...')
#10 /home/rahadyan/PPL/vendor/laravel/framework/src/Illuminate/Routing/Pipeline.php(53): Illuminate\Pipeline\Pipeline->Illuminate\Pipeline\{closure}(Object(Illuminate\Http\Request))
#11 /home/rahadyan/PPL/vendor/laravel/framework/src/Illuminate/Pipeline/Pipeline.php(102): Illuminate\Routing\Pipeline->Illuminate\Routing\{closure}(Object(Illuminate\Http\Request))
#12 /home/rahadyan/PPL/vendor/laravel/framework/src/Illuminate/Routing/Router.php(561): Illuminate\Pipeline\Pipeline->then(Object(Closure))
#13 /home/rahadyan/PPL/vendor/laravel/framework/src/Illuminate/Routing/Router.php(520): Illuminate\Routing\Router->runRouteWithinStack(Object(Illuminate\Routing\Route), Object(Illuminate\Http\Request))
#14 /home/rahadyan/PPL/vendor/laravel/framework/src/Illuminate/Routing/Router.php(498): Illuminate\Routing\Router->dispatchToRoute(Object(Illuminate\Http\Request))
#15 /home/rahadyan/PPL/vendor/laravel/framework/src/Illuminate/Foundation/Http/Kernel.php(174): Illuminate\Routing\Router->dispatch(Object(Illuminate\Http\Request))
#16 /home/rahadyan/PPL/vendor/laravel/framework/src/Illuminate/Routing/Pipeline.php(30): Illuminate\Foundation\Http\Kernel->Illuminate\Foundation\Http\{closure}(Object(Illuminate\Http\Request))
#17 /home/rahadyan/PPL/vendor/laravel/framework/src/Illuminate/Foundation/Http/Middleware/TransformsRequest.php(30): Illuminate\Routing\Pipeline->Illuminate\Routing\{closure}(Object(Illuminate\Http\Request))
#18 /home/rahadyan/PPL/vendor/laravel/framework/src/Illuminate/Pipeline/Pipeline.php(148): Illuminate\Foundation\Http\Middleware\TransformsRequest->handle(Object(Illuminate\Http\Request), Object(Closure))
#19 /home/rahadyan/PPL/vendor/laravel/framework/src/Illuminate/Routing/Pipeline.php(53): Illuminate\Pipeline\Pipeline->Illuminate\Pipeline\{closure}(Object(Illuminate\Http\Request))
#20 /home/rahadyan/PPL/vendor/laravel/framework/src/Illuminate/Foundation/Http/Middleware/TransformsRequest.php(30): Illuminate\Routing\Pipeline->Illuminate\Routing\{closure}(Object(Illuminate\Http\Request))
#21 /home/rahadyan/PPL/vendor/laravel/framework/src/Illuminate/Pipeline/Pipeline.php(148): Illuminate\Foundation\Http\Middleware\TransformsRequest->handle(Object(Illuminate\Http\Request), Object(Closure))
#22 /home/rahadyan/PPL/vendor/laravel/framework/src/Illuminate/Routing/Pipeline.php(53): Illuminate\Pipeline\Pipeline->Illuminate\Pipeline\{closure}(Object(Illuminate\Http\Request))
#23 /home/rahadyan/PPL/vendor/laravel/framework/src/Illuminate/Foundation/Http/Middleware/ValidatePostSize.php(27): Illuminate\Routing\Pipeline->Illuminate\Routing\{closure}(Object(Illuminate\Http\Request))
#24 /home/rahadyan/PPL/vendor/laravel/framework/src/Illuminate/Pipeline/Pipeline.php(148): Illuminate\Foundation\Http\Middleware\ValidatePostSize->handle(Object(Illuminate\Http\Request), Object(Closure))
#25 /home/rahadyan/PPL/vendor/laravel/framework/src/Illuminate/Routing/Pipeline.php(53): Illuminate\Pipeline\Pipeline->Illuminate\Pipeline\{closure}(Object(Illuminate\Http\Request))
#26 /home/rahadyan/PPL/vendor/laravel/framework/src/Illuminate/Foundation/Http/Middleware/CheckForMaintenanceMode.php(46): Illuminate\Routing\Pipeline->Illuminate\Routing\{closure}(Object(Illuminate\Http\Request))
#27 /home/rahadyan/PPL/vendor/laravel/framework/src/Illuminate/Pipeline/Pipeline.php(148): Illuminate\Foundation\Http\Middleware\CheckForMaintenanceMode->handle(Object(Illuminate\Http\Request), Object(Closure))
#28 /home/rahadyan/PPL/vendor/laravel/framework/src/Illuminate/Routing/Pipeline.php(53): Illuminate\Pipeline\Pipeline->Illuminate\Pipeline\{closure}(Object(Illuminate\Http\Request))
#29 /home/rahadyan/PPL/vendor/laravel/framework/src/Illuminate/Pipeline/Pipeline.php(102): Illuminate\Routing\Pipeline->Illuminate\Routing\{closure}(Object(Illuminate\Http\Request))
#30 /home/rahadyan/PPL/vendor/laravel/framework/src/Illuminate/Foundation/Http/Kernel.php(149): Illuminate\Pipeline\Pipeline->then(Object(Closure))
#31 /home/rahadyan/PPL/vendor/laravel/framework/src/Illuminate/Foundation/Http/Kernel.php(116): Illuminate\Foundation\Http\Kernel->sendRequestThroughRouter(Object(Illuminate\Http\Request))
#32 /home/rahadyan/PPL/vendor/laravel/framework/src/Illuminate/Foundation/Testing/Concerns/MakesHttpRequests.php(234): Illuminate\Foundation\Http\Kernel->handle(Object(Illuminate\Http\Request))
#33 /home/rahadyan/PPL/vendor/laravel/framework/src/Illuminate/Foundation/Testing/Concerns/MakesHttpRequests.php(57): Illuminate\Foundation\Testing\TestCase->call('GET', '/', Array, Array, Array, Array)
#34 /home/rahadyan/PPL/tests/Feature/ExampleTest.php(19): Illuminate\Foundation\Testing\TestCase->get('/')
#35 [internal function]: Tests\Feature\ExampleTest->testBasicTest()
#36 /home/rahadyan/PPL/vendor/phpunit/phpunit/src/Framework/TestCase.php(1120): ReflectionMethod->invokeArgs(Object(Tests\Feature\ExampleTest), Array)
#37 /home/rahadyan/PPL/vendor/phpunit/phpunit/src/Framework/TestCase.php(971): PHPUnit_Framework_TestCase->runTest()
#38 /home/rahadyan/PPL/vendor/phpunit/phpunit/src/Framework/TestResult.php(709): PHPUnit_Framework_TestCase->runBare()
#39 /home/rahadyan/PPL/vendor/phpunit/phpunit/src/Framework/TestCase.php(926): PHPUnit_Framework_TestResult->run(Object(Tests\Feature\ExampleTest))
#40 /home/rahadyan/PPL/vendor/phpunit/phpunit/src/Framework/TestSuite.php(728): PHPUnit_Framework_TestCase->run(Object(PHPUnit_Framework_TestResult))
#41 /home/rahadyan/PPL/vendor/phpunit/phpunit/src/Framework/TestSuite.php(728): PHPUnit_Framework_TestSuite->run(Object(PHPUnit_Framework_TestResult))
#42 /home/rahadyan/PPL/vendor/phpunit/phpunit/src/Framework/TestSuite.php(728): PHPUnit_Framework_TestSuite->run(Object(PHPUnit_Framework_TestResult))
#43 /home/rahadyan/PPL/vendor/phpunit/phpunit/src/TextUI/TestRunner.php(521): PHPUnit_Framework_TestSuite->run(Object(PHPUnit_Framework_TestResult))
#44 /home/rahadyan/PPL/vendor/phpunit/phpunit/src/TextUI/Command.php(188): PHPUnit_TextUI_TestRunner->doRun(Object(PHPUnit_Framework_TestSuite), Array, true)
#45 /home/rahadyan/PPL/vendor/phpunit/phpunit/src/TextUI/Command.php(118): PHPUnit_TextUI_Command->run(Array, true)
#46 /home/rahadyan/PPL/vendor/phpunit/phpunit/phpunit(52): PHPUnit_TextUI_Command::main()
#47 {main}  
